
=== Thu Dec 12 21:38:13 2024

Packages were changed.
Update Mode: mergeDefaultDependencies

The following packages were added:
  com.unity.ide.rider@3.0.25
  com.unity.ide.visualstudio@2.0.21
  com.unity.ide.vscode@1.2.5
  com.unity.modules.ai@1.0.0
  com.unity.modules.androidjni@1.0.0
  com.unity.modules.animation@1.0.0
  com.unity.modules.assetbundle@1.0.0
  com.unity.modules.audio@1.0.0
  com.unity.modules.cloth@1.0.0
  com.unity.modules.director@1.0.0
  com.unity.modules.imageconversion@1.0.0
  com.unity.modules.imgui@1.0.0
  com.unity.modules.jsonserialize@1.0.0
  com.unity.modules.particlesystem@1.0.0
  com.unity.modules.physics@1.0.0
  com.unity.modules.physics2d@1.0.0
  com.unity.modules.screencapture@1.0.0
  com.unity.modules.terrain@1.0.0
  com.unity.modules.terrainphysics@1.0.0
  com.unity.modules.tilemap@1.0.0
  com.unity.modules.ui@1.0.0
  com.unity.modules.uielements@1.0.0
  com.unity.modules.umbra@1.0.0
  com.unity.modules.unityanalytics@1.0.0
  com.unity.modules.unitywebrequest@1.0.0
  com.unity.modules.unitywebrequestassetbundle@1.0.0
  com.unity.modules.unitywebrequestaudio@1.0.0
  com.unity.modules.unitywebrequesttexture@1.0.0
  com.unity.modules.unitywebrequestwww@1.0.0
  com.unity.modules.vehicles@1.0.0
  com.unity.modules.video@1.0.0
  com.unity.modules.vr@1.0.0
  com.unity.modules.wind@1.0.0
  com.unity.modules.xr@1.0.0
  com.unity.test-framework@1.1.33
The following packages were updated:
  com.unity.collab-proxy from version 1.13.5 to 2.2.0
  com.unity.timeline from version 1.6.2 to 1.6.5
  com.unity.visualscripting from version 1.7.6 to 1.9.1

=== Mon Dec 16 18:37:56 2024

Packages were changed.
Update Mode: resetToDefaultDependencies

The following packages were added:
  com.unity.collab-proxy@1.2.16
  com.unity.ide.rider@1.1.4
  com.unity.ide.vscode@1.2.1
  com.unity.modules.ai@1.0.0
  com.unity.modules.androidjni@1.0.0
  com.unity.modules.animation@1.0.0
  com.unity.modules.assetbundle@1.0.0
  com.unity.modules.audio@1.0.0
  com.unity.modules.cloth@1.0.0
  com.unity.modules.director@1.0.0
  com.unity.modules.imageconversion@1.0.0
  com.unity.modules.imgui@1.0.0
  com.unity.modules.jsonserialize@1.0.0
  com.unity.modules.particlesystem@1.0.0
  com.unity.modules.physics@1.0.0
  com.unity.modules.physics2d@1.0.0
  com.unity.modules.screencapture@1.0.0
  com.unity.modules.terrain@1.0.0
  com.unity.modules.terrainphysics@1.0.0
  com.unity.modules.tilemap@1.0.0
  com.unity.modules.ui@1.0.0
  com.unity.modules.uielements@1.0.0
  com.unity.modules.umbra@1.0.0
  com.unity.modules.unityanalytics@1.0.0
  com.unity.modules.unitywebrequest@1.0.0
  com.unity.modules.unitywebrequestassetbundle@1.0.0
  com.unity.modules.unitywebrequestaudio@1.0.0
  com.unity.modules.unitywebrequesttexture@1.0.0
  com.unity.modules.unitywebrequestwww@1.0.0
  com.unity.modules.vehicles@1.0.0
  com.unity.modules.video@1.0.0
  com.unity.modules.vr@1.0.0
  com.unity.modules.wind@1.0.0
  com.unity.modules.xr@1.0.0
  com.unity.test-framework@1.1.16
  com.unity.textmeshpro@2.1.1
  com.unity.timeline@1.2.16
  com.unity.ugui@1.0.0

=== Wed Jun 11 21:30:02 2025

Packages were changed.
Update Mode: updateDependencies

The following packages were 已添加:
  com.unity.ide.visualstudio@2.0.15
The following packages were 已更新:
  com.unity.collab-proxy 从版本 1.2.16 到 1.14.18
  com.unity.ide.rider 从版本 1.1.4 到 1.2.1
  com.unity.ide.vscode 从版本 1.2.1 到 1.2.5
  com.unity.test-framework 从版本 1.1.16 到 1.1.31
  com.unity.textmeshpro 从版本 2.1.1 到 2.1.4
  com.unity.timeline 从版本 1.2.16 到 1.2.18

=== Wed Jun 11 21:50:16 2025

Packages were changed.
Update Mode: updateDependencies

The following packages were 已更新:
  com.unity.collab-proxy 从版本 1.14.18 到 2.0.4
  com.unity.ide.rider 从版本 1.2.1 到 3.0.21
  com.unity.ide.visualstudio 从版本 2.0.15 到 2.0.18
  com.unity.render-pipelines.universal 从版本 7.3.1 到 10.10.1
  com.unity.test-framework 从版本 1.1.31 到 1.1.33
  com.unity.textmeshpro 从版本 2.1.4 到 3.0.6
  com.unity.timeline 从版本 1.2.18 到 1.4.8

=== Wed Jun 11 21:52:13 2025

Packages were changed.
Update Mode: updateDependencies

The following packages were 已添加:
  com.unity.ai.navigation@1.1.5
The following packages were 已更新:
  com.unity.collab-proxy 从版本 2.0.4 到 2.6.0
  com.unity.ide.rider 从版本 3.0.21 到 3.0.34
  com.unity.ide.visualstudio 从版本 2.0.18 到 2.0.22
  com.unity.render-pipelines.universal 从版本 10.10.1 到 14.0.11
  com.unity.textmeshpro 从版本 3.0.6 到 3.0.7
  com.unity.timeline 从版本 1.4.8 到 1.7.6

=== Tue Jun 24 14:36:50 2025

Packages were changed.
Update Mode: updateDependencies

The following packages were 已更新:
  com.unity.cinemachine 从版本 2.9.7 到 2.10.3
  com.unity.inputsystem 从版本 1.5.1 到 1.11.2
  com.unity.render-pipelines.universal 从版本 14.0.7 到 14.0.11

=== Tue Jun 24 14:36:50 2025

Packages were changed.
Update Mode: mergeDefaultDependencies

The following packages were 已添加:
  com.unity.cinemachine@2.10.3
  com.unity.inputsystem@1.11.2

=== Tue Jun 24 14:43:24 2025

Packages were changed.
Update Mode: updateDependencies

The following packages were 已更新:
  com.unity.cinemachine 从版本 2.9.7 到 2.10.3
  com.unity.inputsystem 从版本 1.5.1 到 1.11.2
  com.unity.render-pipelines.universal 从版本 14.0.7 到 14.0.11

=== Tue Jun 24 16:21:48 2025

Packages were changed.
Update Mode: updateDependencies

The following packages were 已更新:
  com.unity.burst 从版本 1.8.4 到 1.8.18
  com.unity.cinemachine 从版本 2.9.5 到 2.10.3
  com.unity.collab-proxy 从版本 2.5.1 到 2.6.0
  com.unity.ide.rider 从版本 3.0.21 到 3.0.34
  com.unity.ide.visualstudio 从版本 2.0.18 到 2.0.22
  com.unity.inputsystem 从版本 1.5.1 到 1.11.2
  com.unity.render-pipelines.core 从版本 14.0.7 到 14.0.11
  com.unity.render-pipelines.universal 从版本 14.0.7 到 14.0.11
  com.unity.shadergraph 从版本 14.0.7 到 14.0.11
  com.unity.textmeshpro 从版本 3.0.6 到 3.0.7
  com.unity.timeline 从版本 1.7.4 到 1.7.6
  com.unity.visualscripting 从版本 1.8.0 到 1.9.4

=== Tue Jun 24 16:21:48 2025

Packages were changed.
Update Mode: mergeDefaultDependencies

The following packages were 已添加:
  com.unity.burst@1.8.18
  com.unity.ext.nunit@1.0.6
  com.unity.mathematics@1.2.6
  com.unity.render-pipelines.core@14.0.11
  com.unity.searcher@4.9.2
  com.unity.shadergraph@14.0.11
  com.unity.visualscripting@1.9.4
  com.unity.modules.subsystems@1.0.0

=== Tue Jun 24 16:31:13 2025

Packages were changed.
Update Mode: updateDependencies

The following packages were 已更新:
  com.unity.cinemachine 从版本 2.9.7 到 2.10.3
  com.unity.inputsystem 从版本 1.5.1 到 1.11.2
  com.unity.render-pipelines.universal 从版本 14.0.7 到 14.0.11
